<?xml version="1.0" encoding="UTF-8"?>
<!-- Generated by org.testng.reporters.JUnitReportReporter -->
<testsuite hostname="IN9PXM4Y2" failures="0" tests="1" name="trainingUdemy.Alert" time="10.866" errors="0" timestamp="2020-02-24T19:18:06 IST" skipped="0">
  <testcase classname="trainingUdemy.Alert" name="alertTest" time="10.866"/>
</testsuite> <!-- trainingUdemy.Alert -->
