<?xml version="1.0" encoding="UTF-8"?>
<!-- Generated by org.testng.reporters.JUnitReportReporter -->
<testsuite hostname="IN9PXM4Y2" failures="0" tests="1" name="trainingUdemy.Calendar" time="45.963" errors="0" timestamp="2020-03-01T06:50:20 EST" skipped="0">
  <testcase classname="trainingUdemy.Calendar" name="test" time="45.963"/>
</testsuite> <!-- trainingUdemy.Calendar -->
